gfortran-12 -ffree-line-length-none -std=f2008 -cpp -fallow-argument-mismatch -fbacktrace -fcheck=all -finit-real=nan -finit-derived -fmax-errors=10 --pedantic -Wall -Wextra -pedantic -Wcast-align -Wdisabled-optimization -Wmissing-include-dirs -Wshadow -Wunused -fdiagnostics-show-option -fcheck=all -Wstrict-overflow=0 -DGPaqua -Dclusterprogressbar -L../../lib  -L/Users/flokno/local/hdf5-1.12.2/build_2022_11/lib -L/opt/homebrew/lib -L/opt/homebrew/lib -I../../inc/libolle -I../../inc/libflap  -I/Users/flokno/local/hdf5-1.12.2/build_2022_11/include -I/opt/homebrew/include -I/opt/homebrew/include -J ../../build/lineshape/  -O3  -lolle -lflap -framework accelerate -lhdf5 -lhdf5_fortran -lmpi_mpifh -lmpi -lfftw3 -c options.f90 -lolle -lflap -framework accelerate -lhdf5 -lhdf5_fortran -lmpi_mpifh -lmpi -lfftw3 -o ../../build/lineshape/options.o
gfortran-12 -ffree-line-length-none -std=f2008 -cpp -fallow-argument-mismatch -fbacktrace -fcheck=all -finit-real=nan -finit-derived -fmax-errors=10 --pedantic -Wall -Wextra -pedantic -Wcast-align -Wdisabled-optimization -Wmissing-include-dirs -Wshadow -Wunused -fdiagnostics-show-option -fcheck=all -Wstrict-overflow=0 -DGPaqua -Dclusterprogressbar -L../../lib  -L/Users/flokno/local/hdf5-1.12.2/build_2022_11/lib -L/opt/homebrew/lib -L/opt/homebrew/lib -I../../inc/libolle -I../../inc/libflap  -I/Users/flokno/local/hdf5-1.12.2/build_2022_11/include -I/opt/homebrew/include -I/opt/homebrew/include -J ../../build/lineshape/  -O3  -lolle -lflap -framework accelerate -lhdf5 -lhdf5_fortran -lmpi_mpifh -lmpi -lfftw3 -c lineshape_helper.f90 -lolle -lflap -framework accelerate -lhdf5 -lhdf5_fortran -lmpi_mpifh -lmpi -lfftw3 -o ../../build/lineshape/lineshape_helper.o
gfortran-12 -ffree-line-length-none -std=f2008 -cpp -fallow-argument-mismatch -fbacktrace -fcheck=all -finit-real=nan -finit-derived -fmax-errors=10 --pedantic -Wall -Wextra -pedantic -Wcast-align -Wdisabled-optimization -Wmissing-include-dirs -Wshadow -Wunused -fdiagnostics-show-option -fcheck=all -Wstrict-overflow=0 -DGPaqua -Dclusterprogressbar -L../../lib  -L/Users/flokno/local/hdf5-1.12.2/build_2022_11/lib -L/opt/homebrew/lib -L/opt/homebrew/lib -I../../inc/libolle -I../../inc/libflap  -I/Users/flokno/local/hdf5-1.12.2/build_2022_11/include -I/opt/homebrew/include -I/opt/homebrew/include -J ../../build/lineshape/  -O3  -lolle -lflap -framework accelerate -lhdf5 -lhdf5_fortran -lmpi_mpifh -lmpi -lfftw3 -c lo_realspace_selfenergy.f90 -lolle -lflap -framework accelerate -lhdf5 -lhdf5_fortran -lmpi_mpifh -lmpi -lfftw3 -o ../../build/lineshape/lo_realspace_selfenergy.o
lineshape_helper.f90:986:38:

  986 |     integer, parameter :: maxintervals = 10000
      |                                      1
Warning: Unused parameter 'maxintervals' declared at (1) [-Wunused-parameter]
lineshape_helper.f90:694:12:

  694 | end function
      |            ^
Warning: 'ind' may be used uninitialized [-Wmaybe-uninitialized]
lineshape_helper.f90:673:41:

  673 | function index_on_grid(qp, r) result(ind)
      |                                         ^
note: 'ind' was declared here
gfortran-12 -ffree-line-length-none -std=f2008 -cpp -fallow-argument-mismatch -fbacktrace -fcheck=all -finit-real=nan -finit-derived -fmax-errors=10 --pedantic -Wall -Wextra -pedantic -Wcast-align -Wdisabled-optimization -Wmissing-include-dirs -Wshadow -Wunused -fdiagnostics-show-option -fcheck=all -Wstrict-overflow=0 -DGPaqua -Dclusterprogressbar -L../../lib  -L/Users/flokno/local/hdf5-1.12.2/build_2022_11/lib -L/opt/homebrew/lib -L/opt/homebrew/lib -I../../inc/libolle -I../../inc/libflap  -I/Users/flokno/local/hdf5-1.12.2/build_2022_11/include -I/opt/homebrew/include -I/opt/homebrew/include -J ../../build/lineshape/  -O3  -lolle -lflap -framework accelerate -lhdf5 -lhdf5_fortran -lmpi_mpifh -lmpi -lfftw3 -c scatteringrates.f90 -lolle -lflap -framework accelerate -lhdf5 -lhdf5_fortran -lmpi_mpifh -lmpi -lfftw3 -o ../../build/lineshape/scatteringrates.o
gfortran-12 -ffree-line-length-none -std=f2008 -cpp -fallow-argument-mismatch -fbacktrace -fcheck=all -finit-real=nan -finit-derived -fmax-errors=10 --pedantic -Wall -Wextra -pedantic -Wcast-align -Wdisabled-optimization -Wmissing-include-dirs -Wshadow -Wunused -fdiagnostics-show-option -fcheck=all -Wstrict-overflow=0 -DGPaqua -Dclusterprogressbar -L../../lib  -L/Users/flokno/local/hdf5-1.12.2/build_2022_11/lib -L/opt/homebrew/lib -L/opt/homebrew/lib -I../../inc/libolle -I../../inc/libflap  -I/Users/flokno/local/hdf5-1.12.2/build_2022_11/include -I/opt/homebrew/include -I/opt/homebrew/include -J ../../build/lineshape/  -O3  -lolle -lflap -framework accelerate -lhdf5 -lhdf5_fortran -lmpi_mpifh -lmpi -lfftw3 -c lo_thermal_transport.f90 -lolle -lflap -framework accelerate -lhdf5 -lhdf5_fortran -lmpi_mpifh -lmpi -lfftw3 -o ../../build/lineshape/lo_thermal_transport.o
gfortran-12 -ffree-line-length-none -std=f2008 -cpp -fallow-argument-mismatch -fbacktrace -fcheck=all -finit-real=nan -finit-derived -fmax-errors=10 --pedantic -Wall -Wextra -pedantic -Wcast-align -Wdisabled-optimization -Wmissing-include-dirs -Wshadow -Wunused -fdiagnostics-show-option -fcheck=all -Wstrict-overflow=0 -DGPaqua -Dclusterprogressbar -L../../lib  -L/Users/flokno/local/hdf5-1.12.2/build_2022_11/lib -L/opt/homebrew/lib -L/opt/homebrew/lib -I../../inc/libolle -I../../inc/libflap  -I/Users/flokno/local/hdf5-1.12.2/build_2022_11/include -I/opt/homebrew/include -I/opt/homebrew/include -J ../../build/lineshape/  -O3  -lolle -lflap -framework accelerate -lhdf5 -lhdf5_fortran -lmpi_mpifh -lmpi -lfftw3 -c phonondamping.f90 -lolle -lflap -framework accelerate -lhdf5 -lhdf5_fortran -lmpi_mpifh -lmpi -lfftw3 -o ../../build/lineshape/phonondamping.o
phonondamping_threephonon.f90:3:67:

    3 | subroutine convolution_imaginary_selfenergy(se, wp, qp, dr, sr, ise, isf, p, temperature, mw, mem, verbosity)
      |                                                                   1
Warning: Unused dummy argument 'ise' at (1) [-Wunused-dummy-argument]
phonondamping_threephonon.f90:226:24:

  226 |                     if (dr%iq(kq)%omega(mode3) .lt. lo_freqtol) cycle
      |                        ^
Warning: 'kq' may be used uninitialized [-Wmaybe-uninitialized]
phonondamping_threephonon.f90:52:36:

   52 |         integer :: imode, iq, jq, kq, mode1, mode2, mode3
      |                                    ^
note: 'kq' was declared here
phonondamping_threephonon.f90:256:65:

  256 |                     buf_sfun = isf%spectralfunction(:, mode2, jq)
      |                                                                 ^
Warning: 'jq' may be used uninitialized [-Wmaybe-uninitialized]
phonondamping_threephonon.f90:52:32:

   52 |         integer :: imode, iq, jq, kq, mode1, mode2, mode3
      |                                ^
note: 'jq' was declared here
gfortran-12 -ffree-line-length-none -std=f2008 -cpp -fallow-argument-mismatch -fbacktrace -fcheck=all -finit-real=nan -finit-derived -fmax-errors=10 --pedantic -Wall -Wextra -pedantic -Wcast-align -Wdisabled-optimization -Wmissing-include-dirs -Wshadow -Wunused -fdiagnostics-show-option -fcheck=all -Wstrict-overflow=0 -DGPaqua -Dclusterprogressbar -L../../lib  -L/Users/flokno/local/hdf5-1.12.2/build_2022_11/lib -L/opt/homebrew/lib -L/opt/homebrew/lib -I../../inc/libolle -I../../inc/libflap  -I/Users/flokno/local/hdf5-1.12.2/build_2022_11/include -I/opt/homebrew/include -I/opt/homebrew/include -J ../../build/lineshape/  -O3  -lolle -lflap -framework accelerate -lhdf5 -lhdf5_fortran -lmpi_mpifh -lmpi -lfftw3 -c dielscatter.f90 -lolle -lflap -framework accelerate -lhdf5 -lhdf5_fortran -lmpi_mpifh -lmpi -lfftw3 -o ../../build/lineshape/dielscatter.o
gfortran-12 -ffree-line-length-none -std=f2008 -cpp -fallow-argument-mismatch -fbacktrace -fcheck=all -finit-real=nan -finit-derived -fmax-errors=10 --pedantic -Wall -Wextra -pedantic -Wcast-align -Wdisabled-optimization -Wmissing-include-dirs -Wshadow -Wunused -fdiagnostics-show-option -fcheck=all -Wstrict-overflow=0 -DGPaqua -Dclusterprogressbar -L../../lib  -L/Users/flokno/local/hdf5-1.12.2/build_2022_11/lib -L/opt/homebrew/lib -L/opt/homebrew/lib -I../../inc/libolle -I../../inc/libflap  -I/Users/flokno/local/hdf5-1.12.2/build_2022_11/include -I/opt/homebrew/include -I/opt/homebrew/include -J ../../build/lineshape/  -O3  -lolle -lflap -framework accelerate -lhdf5 -lhdf5_fortran -lmpi_mpifh -lmpi -lfftw3 -c phonondamping_aux.f90 -lolle -lflap -framework accelerate -lhdf5 -lhdf5_fortran -lmpi_mpifh -lmpi -lfftw3 -o ../../build/lineshape/phonondamping_aux.o
gfortran-12 -ffree-line-length-none -std=f2008 -cpp -fallow-argument-mismatch -fbacktrace -fcheck=all -finit-real=nan -finit-derived -fmax-errors=10 --pedantic -Wall -Wextra -pedantic -Wcast-align -Wdisabled-optimization -Wmissing-include-dirs -Wshadow -Wunused -fdiagnostics-show-option -fcheck=all -Wstrict-overflow=0 -DGPaqua -Dclusterprogressbar -L../../lib  -L/Users/flokno/local/hdf5-1.12.2/build_2022_11/lib -L/opt/homebrew/lib -L/opt/homebrew/lib -I../../inc/libolle -I../../inc/libflap  -I/Users/flokno/local/hdf5-1.12.2/build_2022_11/include -I/opt/homebrew/include -I/opt/homebrew/include -J ../../build/lineshape/  -O3  -lolle -lflap -framework accelerate -lhdf5 -lhdf5_fortran -lmpi_mpifh -lmpi -lfftw3 -c phonondamping_dos.f90 -lolle -lflap -framework accelerate -lhdf5 -lhdf5_fortran -lmpi_mpifh -lmpi -lfftw3 -o ../../build/lineshape/phonondamping_dos.o
gfortran-12 -ffree-line-length-none -std=f2008 -cpp -fallow-argument-mismatch -fbacktrace -fcheck=all -finit-real=nan -finit-derived -fmax-errors=10 --pedantic -Wall -Wextra -pedantic -Wcast-align -Wdisabled-optimization -Wmissing-include-dirs -Wshadow -Wunused -fdiagnostics-show-option -fcheck=all -Wstrict-overflow=0 -DGPaqua -Dclusterprogressbar -L../../lib  -L/Users/flokno/local/hdf5-1.12.2/build_2022_11/lib -L/opt/homebrew/lib -L/opt/homebrew/lib -I../../inc/libolle -I../../inc/libflap  -I/Users/flokno/local/hdf5-1.12.2/build_2022_11/include -I/opt/homebrew/include -I/opt/homebrew/include -J ../../build/lineshape/  -O3  -lolle -lflap -framework accelerate -lhdf5 -lhdf5_fortran -lmpi_mpifh -lmpi -lfftw3 -c phonondamping_grid.f90 -lolle -lflap -framework accelerate -lhdf5 -lhdf5_fortran -lmpi_mpifh -lmpi -lfftw3 -o ../../build/lineshape/phonondamping_grid.o
gfortran-12 -ffree-line-length-none -std=f2008 -cpp -fallow-argument-mismatch -fbacktrace -fcheck=all -finit-real=nan -finit-derived -fmax-errors=10 --pedantic -Wall -Wextra -pedantic -Wcast-align -Wdisabled-optimization -Wmissing-include-dirs -Wshadow -Wunused -fdiagnostics-show-option -fcheck=all -Wstrict-overflow=0 -DGPaqua -Dclusterprogressbar -L../../lib  -L/Users/flokno/local/hdf5-1.12.2/build_2022_11/lib -L/opt/homebrew/lib -L/opt/homebrew/lib -I../../inc/libolle -I../../inc/libflap  -I/Users/flokno/local/hdf5-1.12.2/build_2022_11/include -I/opt/homebrew/include -I/opt/homebrew/include -J ../../build/lineshape/  -O3  -lolle -lflap -framework accelerate -lhdf5 -lhdf5_fortran -lmpi_mpifh -lmpi -lfftw3 -c phonondamping_path.f90 -lolle -lflap -framework accelerate -lhdf5 -lhdf5_fortran -lmpi_mpifh -lmpi -lfftw3 -o ../../build/lineshape/phonondamping_path.o	
phonondamping_grid.f90:108:44:

  108 |         real(r8), parameter :: largedistance = 1.0E10_r8*lo_A_to_bohr
      |                                            1
Warning: Unused parameter 'largedistance' declared at (1) [-Wunused-parameter]
phonondamping_dos.f90:330:45:

  330 |     real(r8), dimension(3), parameter :: qdir = [1.0_r8, 0.0_r8, 0.0_r8]
      |                                             1
Warning: Unused parameter 'qdir' declared at (1) [-Wunused-parameter]
gfortran-12 -ffree-line-length-none -std=f2008 -cpp -fallow-argument-mismatch -fbacktrace -fcheck=all -finit-real=nan -finit-derived -fmax-errors=10 --pedantic -Wall -Wextra -pedantic -Wcast-align -Wdisabled-optimization -Wmissing-include-dirs -Wshadow -Wunused -fdiagnostics-show-option -fcheck=all -Wstrict-overflow=0 -DGPaqua -Dclusterprogressbar -L../../lib  -L/Users/flokno/local/hdf5-1.12.2/build_2022_11/lib -L/opt/homebrew/lib -L/opt/homebrew/lib -I../../inc/libolle -I../../inc/libflap  -I/Users/flokno/local/hdf5-1.12.2/build_2022_11/include -I/opt/homebrew/include -I/opt/homebrew/include -J ../../build/lineshape/  -O3  -lolle -lflap -framework accelerate -lhdf5 -lhdf5_fortran -lmpi_mpifh -lmpi -lfftw3 -c io.f90 -lolle -lflap -framework accelerate -lhdf5 -lhdf5_fortran -lmpi_mpifh -lmpi -lfftw3 -o ../../build/lineshape/io.o
gfortran-12 -ffree-line-length-none -std=f2008 -cpp -fallow-argument-mismatch -fbacktrace -fcheck=all -finit-real=nan -finit-derived -fmax-errors=10 --pedantic -Wall -Wextra -pedantic -Wcast-align -Wdisabled-optimization -Wmissing-include-dirs -Wshadow -Wunused -fdiagnostics-show-option -fcheck=all -Wstrict-overflow=0 -DGPaqua -Dclusterprogressbar -L../../lib  -L/Users/flokno/local/hdf5-1.12.2/build_2022_11/lib -L/opt/homebrew/lib -L/opt/homebrew/lib -I../../inc/libolle -I../../inc/libflap  -I/Users/flokno/local/hdf5-1.12.2/build_2022_11/include -I/opt/homebrew/include -I/opt/homebrew/include -J ../../build/lineshape/  -O3  -lolle -lflap -framework accelerate -lhdf5 -lhdf5_fortran -lmpi_mpifh -lmpi -lfftw3 -c dielscatter_helper.f90 -lolle -lflap -framework accelerate -lhdf5 -lhdf5_fortran -lmpi_mpifh -lmpi -lfftw3 -o ../../build/lineshape/dielscatter_helper.o
gfortran-12 -ffree-line-length-none -std=f2008 -cpp -fallow-argument-mismatch -fbacktrace -fcheck=all -finit-real=nan -finit-derived -fmax-errors=10 --pedantic -Wall -Wextra -pedantic -Wcast-align -Wdisabled-optimization -Wmissing-include-dirs -Wshadow -Wunused -fdiagnostics-show-option -fcheck=all -Wstrict-overflow=0 -DGPaqua -Dclusterprogressbar -L../../lib  -L/Users/flokno/local/hdf5-1.12.2/build_2022_11/lib -L/opt/homebrew/lib -L/opt/homebrew/lib -I../../inc/libolle -I../../inc/libflap  -I/Users/flokno/local/hdf5-1.12.2/build_2022_11/include -I/opt/homebrew/include -I/opt/homebrew/include -J ../../build/lineshape/  -O3  -lolle -lflap -framework accelerate -lhdf5 -lhdf5_fortran -lmpi_mpifh -lmpi -lfftw3 -c main.f90 -lolle -lflap -framework accelerate -lhdf5 -lhdf5_fortran -lmpi_mpifh -lmpi -lfftw3 -o ../../build/lineshape/main.o
main.f90:3:4:

    3 | use konstanter, only: r8, lo_exitcode_param, lo_pi
      |    1
Warning: Unused parameter 'lo_pi' which has been explicitly imported at (1) [-Wunused-parameter]
gfortran-12 -ffree-line-length-none -std=f2008 -cpp -fallow-argument-mismatch -fbacktrace -fcheck=all -finit-real=nan -finit-derived -fmax-errors=10 --pedantic -Wall -Wextra -pedantic -Wcast-align -Wdisabled-optimization -Wmissing-include-dirs -Wshadow -Wunused -fdiagnostics-show-option -fcheck=all -Wstrict-overflow=0 -DGPaqua -Dclusterprogressbar -L../../lib  -L/Users/flokno/local/hdf5-1.12.2/build_2022_11/lib -L/opt/homebrew/lib -L/opt/homebrew/lib -I../../inc/libolle -I../../inc/libflap  -I/Users/flokno/local/hdf5-1.12.2/build_2022_11/include -I/opt/homebrew/include -I/opt/homebrew/include -J ../../build/lineshape/   -o ../../build/lineshape/lineshape ../../build/lineshape/main.o ../../build/lineshape/options.o ../../build/lineshape/io.o ../../build/lineshape/scatteringrates.o ../../build/lineshape/phonondamping.o ../../build/lineshape/phonondamping_aux.o ../../build/lineshape/phonondamping_dos.o ../../build/lineshape/phonondamping_grid.o ../../build/lineshape/phonondamping_path.o ../../build/lineshape/dielscatter.o ../../build/lineshape/dielscatter_helper.o ../../build/lineshape/lineshape_helper.o ../../build/lineshape/lo_realspace_selfenergy.o ../../build/lineshape/lo_thermal_transport.o -lolle -lflap -framework accelerate -lhdf5 -lhdf5_fortran -lmpi_mpifh -lmpi -lfftw3
